<?xml version="1.0" encoding="UTF-8"?>
<testng-results ignored="0" total="5" passed="5" failed="0" skipped="0">
  <reporter-output>
  </reporter-output>
  <suite started-at="2025-03-21T21:29:01 IST" name="Default suite" finished-at="2025-03-21T21:29:27 IST" duration-ms="26814">
    <groups>
    </groups>
    <test started-at="2025-03-21T21:29:01 IST" name="Default test" finished-at="2025-03-21T21:29:27 IST" duration-ms="26814">
      <class name="Test.OrangeHRMTest">
        <test-method is-config="true" signature="Setup()[pri:0, instance:Test.OrangeHRMTest@75d3a5e0]" started-at="2025-03-21T21:29:01 IST" name="Setup" finished-at="2025-03-21T21:29:11 IST" duration-ms="10314" status="PASS">
          <reporter-output>
          </reporter-output>
        </test-method> <!-- Setup -->
        <test-method signature="Logintest()[pri:0, instance:Test.OrangeHRMTest@75d3a5e0]" started-at="2025-03-21T21:29:11 IST" name="Logintest" finished-at="2025-03-21T21:29:14 IST" duration-ms="2382" status="PASS">
          <reporter-output>
          </reporter-output>
        </test-method> <!-- Logintest -->
        <test-method signature="DeshbordAssert()[pri:1, instance:Test.OrangeHRMTest@75d3a5e0]" started-at="2025-03-21T21:29:14 IST" name="DeshbordAssert" finished-at="2025-03-21T21:29:14 IST" duration-ms="590" status="PASS">
          <reporter-output>
          </reporter-output>
        </test-method> <!-- DeshbordAssert -->
        <test-method signature="Hometest()[pri:2, instance:Test.OrangeHRMTest@75d3a5e0]" started-at="2025-03-21T21:29:14 IST" name="Hometest" finished-at="2025-03-21T21:29:18 IST" duration-ms="4049" status="PASS">
          <reporter-output>
          </reporter-output>
        </test-method> <!-- Hometest -->
        <test-method signature="AddCustomerM()[pri:3, instance:Test.OrangeHRMTest@75d3a5e0]" started-at="2025-03-21T21:29:18 IST" name="AddCustomerM" finished-at="2025-03-21T21:29:20 IST" duration-ms="1346" status="PASS">
          <reporter-output>
          </reporter-output>
        </test-method> <!-- AddCustomerM -->
        <test-method signature="ProjectM()[pri:4, instance:Test.OrangeHRMTest@75d3a5e0]" started-at="2025-03-21T21:29:20 IST" name="ProjectM" finished-at="2025-03-21T21:29:23 IST" duration-ms="3663" status="PASS">
          <reporter-output>
          </reporter-output>
        </test-method> <!-- ProjectM -->
        <test-method is-config="true" signature="teardown()[pri:0, instance:Test.OrangeHRMTest@75d3a5e0]" started-at="2025-03-21T21:29:23 IST" name="teardown" finished-at="2025-03-21T21:29:27 IST" duration-ms="4273" status="PASS">
          <reporter-output>
          </reporter-output>
        </test-method> <!-- teardown -->
      </class> <!-- Test.OrangeHRMTest -->
    </test> <!-- Default test -->
  </suite> <!-- Default suite -->
</testng-results>
