<?xml version="1.0" encoding="UTF-8"?>
<!-- Generated by org.testng.reporters.JUnitXMLReporter -->
<testsuite ignored="0" hostname="DESKTOP-L9361S2" failures="0" tests="5" name="Default test" time="26.814" errors="0" timestamp="2025-03-21T21:29:28 IST">
  <testcase classname="Test.OrangeHRMTest" name="Logintest" time="2.382"/>
  <testcase classname="Test.OrangeHRMTest" name="DeshbordAssert" time="0.59"/>
  <testcase classname="Test.OrangeHRMTest" name="Hometest" time="4.049"/>
  <testcase classname="Test.OrangeHRMTest" name="AddCustomerM" time="1.346"/>
  <testcase classname="Test.OrangeHRMTest" name="ProjectM" time="3.663"/>
</testsuite> <!-- Default test -->
